Arguments: 
  C:\Program Files\nodejs\node.exe C:\Users\user\AppData\Roaming\npm\node_modules\yarn\bin\yarn.js add jquary

PATH: 
  C:\WINDOWS\system32;C:\WINDOWS;C:\WINDOWS\System32\Wbem;C:\WINDOWS\System32\WindowsPowerShell\v1.0\;C:\Program Files\nodejs\;C:\Program Files\Git\cmd;C:\Users\user\AppData\Local\Microsoft\WindowsApps;C:\Users\user\AppData\Roaming\npm;C:\Users\user\AppData\Local\Programs\Microsoft VS Code\bin

Yarn version: 
  1.13.0

Node version: 
  10.15.3

Platform: 
  win32 x64

Trace: 
  Error: https://registry.yarnpkg.com/jquary: Not found
      at Request.params.callback [as _callback] (C:\Users\user\AppData\Roaming\npm\node_modules\yarn\lib\cli.js:66255:18)
      at Request.self.callback (C:\Users\user\AppData\Roaming\npm\node_modules\yarn\lib\cli.js:129397:22)
      at Request.emit (events.js:189:13)
      at Request.<anonymous> (C:\Users\user\AppData\Roaming\npm\node_modules\yarn\lib\cli.js:130369:10)
      at Request.emit (events.js:189:13)
      at IncomingMessage.<anonymous> (C:\Users\user\AppData\Roaming\npm\node_modules\yarn\lib\cli.js:130291:12)
      at Object.onceWrapper (events.js:277:13)
      at IncomingMessage.emit (events.js:194:15)
      at endReadableNT (_stream_readable.js:1125:12)
      at process._tickCallback (internal/process/next_tick.js:63:19)

npm manifest: 
  {
    "name": "bookmarklist",
    "productName": "bookmarklist",
    "version": "1.0.0",
    "description": "My Electron application description",
    "main": "src/index.js",
    "scripts": {
      "start": "electron-forge start",
      "package": "electron-forge package",
      "make": "electron-forge make",
      "publish": "electron-forge publish",
      "lint": "echo \"No linting configured\""
    },
    "keywords": [],
    "author": "user",
    "license": "MIT",
    "config": {
      "forge": {
        "make_targets": {
          "win32": [
            "squirrel"
          ],
          "darwin": [
            "zip"
          ],
          "linux": [
            "deb",
            "rpm"
          ]
        },
        "electronPackagerConfig": {
          "packageManager": "npm"
        },
        "electronWinstallerConfig": {
          "name": "bookmarklist"
        },
        "electronInstallerDebian": {},
        "electronInstallerRedhat": {},
        "github_repository": {
          "owner": "",
          "name": ""
        },
        "windowsStoreConfig": {
          "packageName": "",
          "name": "bookmarklist"
        }
      }
    },
    "dependencies": {
      "electron-compile": "^6.4.4",
      "electron-devtools-installer": "^2.2.4",
      "electron-squirrel-startup": "^1.0.0",
      "vue": "^2.6.8",
      "yarn": "^1.13.0"
    },
    "devDependencies": {
      "babel-plugin-transform-async-to-generator": "^6.24.1",
      "babel-preset-env": "^1.7.0",
      "babel-preset-react": "^6.24.1",
      "electron-forge": "^5.2.4",
      "electron-prebuilt-compile": "4.0.0"
    }
  }

yarn manifest: 
  No manifest

Lockfile: 
  No lockfile
